<?xml version="1.0" encoding="UTF-8"?>
<!-- Generated by org.testng.reporters.JUnitReportReporter -->
<testsuite name="calculette.CalculetteTest" tests="2" time="0.005" ignored="0" failures="0" timestamp="25 janv. 2017 15:37:05 GMT" skipped="0" hostname="miage21b20" errors="0">
  <testcase name="testSoustraire" time="0.001" classname="calculette.CalculetteTest"/>
  <testcase name="testAjouter" time="0.004" classname="calculette.CalculetteTest"/>
</testsuite> <!-- calculette.CalculetteTest -->
